Android-App/app/build/intermediates/manifest_merge_blame_file/debug/manifest-merger-blame-debug-report.txt
1<?xml version="1.0" encoding="utf-8"?>
2<manifest xmlns:android="http://schemas.android.com/apk/res/android"
3    package="edu.utdallas.yourUTDID.LR4_2"
4    android:versionCode="1"
5    android:versionName="1.0" >
6
7    <uses-sdk
8        android:minSdkVersion="24"
8-->src\main\AndroidManifest.xml
9        android:targetSdkVersion="25" />
9-->src\main\AndroidManifest.xml
10
11    <uses-permission android:name="android.permission.WRITE_EXTERNAL_STORAGE" />
11-->src\main\AndroidManifest.xml:5:5-81
11-->src\main\AndroidManifest.xml:5:22-78
12    <uses-permission android:name="android.permission.RECORD_AUDIO" />
12-->src\main\AndroidManifest.xml:6:5-70
12-->src\main\AndroidManifest.xml:6:22-68
13
14    <application
14-->src\main\AndroidManifest.xml:7:5-32:19
15        android:allowBackup="true"
15-->src\main\AndroidManifest.xml:8:9-35
16        android:debuggable="true"
17        android:icon="@mipmap/ic_launcher"
17-->src\main\AndroidManifest.xml:9:9-43
18        android:label="Project"
18-->src\main\AndroidManifest.xml:10:9-32
19        android:supportsRtl="true"
19-->src\main\AndroidManifest.xml:11:9-35
20        android:theme="@style/AppTheme" >
20-->src\main\AndroidManifest.xml:12:9-40
21        <activity
21-->src\main\AndroidManifest.xml:13:9-21:20
22            android:name="com.dsp.matlab.RealTime"
22-->src\main\AndroidManifest.xml:13:19-57
23            android:configChanges="keyboardHidden|orientation"
23-->src\main\AndroidManifest.xml:16:19-69
24            android:label="Project"
24-->src\main\AndroidManifest.xml:14:19-42
25            android:screenOrientation="portrait" >
25-->src\main\AndroidManifest.xml:15:19-55
26            <intent-filter>
26-->src\main\AndroidManifest.xml:17:13-20:29
27                <action android:name="android.intent.action.MAIN" />
27-->src\main\AndroidManifest.xml:18:17-69
27-->src\main\AndroidManifest.xml:18:25-66
28
29                <category android:name="android.intent.category.LAUNCHER" />
29-->src\main\AndroidManifest.xml:19:17-77
29-->src\main\AndroidManifest.xml:19:27-74
30            </intent-filter>
31        </activity>
32        <activity
32-->src\main\AndroidManifest.xml:22:3-25:14
33            android:name="com.dsp.matlab.PreferencesUI"
33-->src\main\AndroidManifest.xml:23:4-47
34            android:screenOrientation="portrait" >
34-->src\main\AndroidManifest.xml:24:4-40
35        </activity>
36        <activity
36-->src\main\AndroidManifest.xml:26:9-31:20
37            android:name="com.dsp.matlab.DataGraphActivity"
37-->src\main\AndroidManifest.xml:26:19-66
38            android:screenOrientation="landscape" >
38-->src\main\AndroidManifest.xml:27:13-50
39            <intent-filter>
39-->src\main\AndroidManifest.xml:28:13-30:29
40                <category android:name="android.intent.category.LAUNCHER" />
40-->src\main\AndroidManifest.xml:19:17-77
40-->src\main\AndroidManifest.xml:19:27-74
41            </intent-filter>
42        </activity>
43    </application>
44
45</manifest>